2024-08-07T21:50:33+00:00 ERROR Message: JSON parse error: Instantiation of [simple type, class com.mercadolibre.mpheimdall_ag_transaction.domain.entity.payment.PaymentEntity] value failed for JSON property notification_url due to missing (therefore NULL) value for creator parameter notificationUrl which is a non-nullable type \n\n\nStackstrace: #0 C:\xampp\htdocs\projeto\pradosdb04\wp-content\plugins\woocommerce-mercadopago\packages\sdk\src\Common\AbstractEntity.php(222): MercadoPago\PP\Sdk\Common\Manager->handleResponse(Object(MercadoPago\PP\Sdk\HttpClient\Response), 'post')
#1 C:\xampp\htdocs\projeto\pradosdb04\wp-content\plugins\woocommerce-mercadopago\packages\sdk\src\Entity\Payment\Payment.php(363): MercadoPago\PP\Sdk\Common\AbstractEntity->save()
#2 C:\xampp\htdocs\projeto\pradosdb04\wp-content\plugins\woocommerce-mercadopago\src\Transactions\AbstractPaymentTransaction.php(37): MercadoPago\PP\Sdk\Entity\Payment\Payment->save()
#3 C:\xampp\htdocs\projeto\pradosdb04\wp-content\plugins\woocommerce-mercadopago\src\Gateways\PixGateway.php(218): MercadoPago\Woocommerce\Transactions\AbstractPaymentTransaction->createPayment()
#4 C:\xampp\htdocs\projeto\pradosdb04\wp-content\plugins\woocommerce\includes\class-wc-checkout.php(1062): MercadoPago\Woocommerce\Gateways\PixGateway->process_payment(39)
#5 C:\xampp\htdocs\projeto\pradosdb04\wp-content\plugins\woocommerce\includes\class-wc-checkout.php(1293): WC_Checkout->process_order_payment(39, 'woo-mercado-pag...')
#6 C:\xampp\htdocs\projeto\pradosdb04\wp-content\plugins\woocommerce\includes\class-wc-ajax.php(520): WC_Checkout->process_checkout()
#7 C:\xampp\htdocs\projeto\pradosdb04\wp-includes\class-wp-hook.php(324): WC_AJAX::checkout('')
#8 C:\xampp\htdocs\projeto\pradosdb04\wp-includes\class-wp-hook.php(348): WP_Hook->apply_filters('', Array)
#9 C:\xampp\htdocs\projeto\pradosdb04\wp-includes\plugin.php(517): WP_Hook->do_action(Array)
#10 C:\xampp\htdocs\projeto\pradosdb04\wp-content\plugins\woocommerce\includes\class-wc-ajax.php(96): do_action('wc_ajax_checkou...')
#11 C:\xampp\htdocs\projeto\pradosdb04\wp-includes\class-wp-hook.php(324): WC_AJAX::do_wc_ajax('')
#12 C:\xampp\htdocs\projeto\pradosdb04\wp-includes\class-wp-hook.php(348): WP_Hook->apply_filters(false, Array)
#13 C:\xampp\htdocs\projeto\pradosdb04\wp-includes\plugin.php(517): WP_Hook->do_action(Array)
#14 C:\xampp\htdocs\projeto\pradosdb04\wp-includes\template-loader.php(13): do_action('template_redire...')
#15 C:\xampp\htdocs\projeto\pradosdb04\wp-blog-header.php(19): require_once('C:\\xampp\\htdocs...')
#16 C:\xampp\htdocs\projeto\pradosdb04\index.php(17): require('C:\\xampp\\htdocs...')
#17 {main} \n\n\n - Context: {
    "\u0000*\u0000id": 39,
    "\u0000*\u0000data": {
        "parent_id": 0,
        "status": "pending",
        "currency": "BRL",
        "version": "9.1.4",
        "prices_include_tax": false,
        "date_created": {
            "date": "2024-08-07 18:50:32.000000",
            "timezone_type": 3,
            "timezone": "America\/Sao_Paulo"
        },
        "date_modified": {
            "date": "2024-08-07 18:50:32.000000",
            "timezone_type": 3,
            "timezone": "America\/Sao_Paulo"
        },
        "discount_total": "0",
        "discount_tax": "0",
        "shipping_total": "0",
        "shipping_tax": "0",
        "cart_tax": "0",
        "total": "2.00",
        "total_tax": "0",
        "customer_id": 1,
        "order_key": "wc_order_JntEIkE6jzPB1",
        "billing": {
            "first_name": "wermeson",
            "last_name": "soares",
            "company": "",
            "address_1": "Joana Albuquerque",
            "address_2": "",
            "city": "Acarape",
            "state": "CE",
            "postcode": "62785-000",
            "country": "BR",
            "email": "wermeson.blucomet@gmail.com",
            "phone": "(55) 98589-2221"
        },
        "shipping": {
            "first_name": "",
            "last_name": "",
            "company": "",
            "address_1": "",
            "address_2": "",
            "city": "",
            "state": "",
            "postcode": "",
            "country": "",
            "phone": ""
        },
        "payment_method": "woo-mercado-pago-pix",
        "payment_method_title": "Pix",
        "transaction_id": "",
        "customer_ip_address": "::1",
        "customer_user_agent": "Mozilla\/5.0 (Windows NT 10.0; Win64; x64) AppleWebKit\/537.36 (KHTML, like Gecko) Chrome\/127.0.0.0 Safari\/537.36",
        "created_via": "checkout",
        "customer_note": "",
        "date_completed": null,
        "date_paid": null,
        "cart_hash": "9ac9a084bd09466b7a218d358132e25f",
        "order_stock_reduced": false,
        "download_permissions_granted": false,
        "new_order_email_sent": false,
        "recorded_sales": false,
        "recorded_coupon_usage_counts": false
    },
    "\u0000*\u0000changes": [],
    "\u0000*\u0000object_read": true,
    "\u0000*\u0000object_type": "order",
    "\u0000*\u0000extra_data": [],
    "\u0000*\u0000default_data": {
        "parent_id": 0,
        "status": "",
        "currency": "",
        "version": "",
        "prices_include_tax": false,
        "date_created": null,
        "date_modified": null,
        "discount_total": 0,
        "discount_tax": 0,
        "shipping_total": 0,
        "shipping_tax": 0,
        "cart_tax": 0,
        "total": 0,
        "total_tax": 0,
        "customer_id": 0,
        "order_key": "",
        "billing": {
            "first_name": "",
            "last_name": "",
            "company": "",
            "address_1": "",
            "address_2": "",
            "city": "",
            "state": "",
            "postcode": "",
            "country": "",
            "email": "",
            "phone": ""
        },
        "shipping": {
            "first_name": "",
            "last_name": "",
            "company": "",
            "address_1": "",
            "address_2": "",
            "city": "",
            "state": "",
            "postcode": "",
            "country": "",
            "phone": ""
        },
        "payment_method": "",
        "payment_method_title": "",
        "transaction_id": "",
        "customer_ip_address": "",
        "customer_user_agent": "",
        "created_via": "",
        "customer_note": "",
        "date_completed": null,
        "date_paid": null,
        "cart_hash": "",
        "order_stock_reduced": false,
        "download_permissions_granted": false,
        "new_order_email_sent": false,
        "recorded_sales": false,
        "recorded_coupon_usage_counts": false
    },
    "\u0000*\u0000data_store": {},
    "\u0000*\u0000cache_group": "orders",
    "\u0000*\u0000meta_data": [
        {
            "id": 64,
            "key": "_billing_address_index",
            "value": "wermeson soares  Joana Albuquerque  Acarape CE 62785-000 BR wermeson.blucomet@gmail.com (55) 98589-2221 67 Conjunto s치o francisco"
        },
        {
            "id": 65,
            "key": "_shipping_address_index",
            "value": "           "
        },
        {
            "id": 60,
            "key": "_billing_cpf",
            "value": "068.149.843-93"
        },
        {
            "id": 62,
            "key": "_billing_neighborhood",
            "value": "Conjunto s치o francisco"
        },
        {
            "id": 61,
            "key": "_billing_number",
            "value": "67"
        },
        {
            "id": 66,
            "key": "_tribe_has_tickets",
            "value": "1"
        },
        {
            "id": 75,
            "key": "_wc_order_attribution_device_type",
            "value": "Desktop"
        },
        {
            "id": 68,
            "key": "_wc_order_attribution_referrer",
            "value": "http:\/\/localhost\/projeto\/"
        },
        {
            "id": 73,
            "key": "_wc_order_attribution_session_count",
            "value": "3"
        },
        {
            "id": 70,
            "key": "_wc_order_attribution_session_entry",
            "value": "http:\/\/localhost\/projeto\/pradosdb\/"
        },
        {
            "id": 72,
            "key": "_wc_order_attribution_session_pages",
            "value": "19"
        },
        {
            "id": 71,
            "key": "_wc_order_attribution_session_start_time",
            "value": "2024-08-07 16:05:35"
        },
        {
            "id": 67,
            "key": "_wc_order_attribution_source_type",
            "value": "typein"
        },
        {
            "id": 74,
            "key": "_wc_order_attribution_user_agent",
            "value": "Mozilla\/5.0 (Windows NT 10.0; Win64; x64) AppleWebKit\/537.36 (KHTML, like Gecko) Chrome\/127.0.0.0 Safari\/537.36"
        },
        {
            "id": 69,
            "key": "_wc_order_attribution_utm_source",
            "value": "(direct)"
        },
        {
            "id": 63,
            "key": "is_vat_exempt",
            "value": "no"
        },
        {
            "key": "blocks_payment",
            "value": "no",
            "id": 78
        }
    ],
    "\u0000*\u0000legacy_datastore_props": [
        "_recorded_sales",
        "_recorded_coupon_usage_counts",
        "_download_permissions_granted",
        "_order_stock_reduced",
        "_new_order_email_sent"
    ],
    "\u0000*\u0000items": {
        "line_items": {
            "7": {
                "legacy_values": null,
                "legacy_cart_item_key": null,
                "legacy_package_key": null
            },
            "8": {
                "legacy_values": null,
                "legacy_cart_item_key": null,
                "legacy_package_key": null
            }
        },
        "tax_lines": [],
        "shipping_lines": [],
        "fee_lines": [],
        "coupon_lines": []
    },
    "\u0000*\u0000items_to_delete": [],
    "\u0000*\u0000data_store_name": "order",
    "\u0000*\u0000status_transition": false,
    "refunds": null,
    "\u0000*\u0000refunded_line_items": null,
    "customer_id": null
}
2024-08-07T21:53:26+00:00 ERROR Message: JSON parse error: Instantiation of [simple type, class com.mercadolibre.mpheimdall_ag_transaction.domain.entity.payment.PaymentEntity] value failed for JSON property notification_url due to missing (therefore NULL) value for creator parameter notificationUrl which is a non-nullable type \n\n\nStackstrace: #0 C:\xampp\htdocs\projeto\pradosdb04\wp-content\plugins\woocommerce-mercadopago\packages\sdk\src\Common\AbstractEntity.php(222): MercadoPago\PP\Sdk\Common\Manager->handleResponse(Object(MercadoPago\PP\Sdk\HttpClient\Response), 'post')
#1 C:\xampp\htdocs\projeto\pradosdb04\wp-content\plugins\woocommerce-mercadopago\packages\sdk\src\Entity\Payment\Payment.php(363): MercadoPago\PP\Sdk\Common\AbstractEntity->save()
#2 C:\xampp\htdocs\projeto\pradosdb04\wp-content\plugins\woocommerce-mercadopago\src\Transactions\AbstractPaymentTransaction.php(37): MercadoPago\PP\Sdk\Entity\Payment\Payment->save()
#3 C:\xampp\htdocs\projeto\pradosdb04\wp-content\plugins\woocommerce-mercadopago\src\Gateways\PixGateway.php(218): MercadoPago\Woocommerce\Transactions\AbstractPaymentTransaction->createPayment()
#4 C:\xampp\htdocs\projeto\pradosdb04\wp-content\plugins\woocommerce\includes\class-wc-checkout.php(1062): MercadoPago\Woocommerce\Gateways\PixGateway->process_payment(41)
#5 C:\xampp\htdocs\projeto\pradosdb04\wp-content\plugins\woocommerce\includes\class-wc-checkout.php(1293): WC_Checkout->process_order_payment(41, 'woo-mercado-pag...')
#6 C:\xampp\htdocs\projeto\pradosdb04\wp-content\plugins\woocommerce\includes\class-wc-ajax.php(520): WC_Checkout->process_checkout()
#7 C:\xampp\htdocs\projeto\pradosdb04\wp-includes\class-wp-hook.php(324): WC_AJAX::checkout('')
#8 C:\xampp\htdocs\projeto\pradosdb04\wp-includes\class-wp-hook.php(348): WP_Hook->apply_filters('', Array)
#9 C:\xampp\htdocs\projeto\pradosdb04\wp-includes\plugin.php(517): WP_Hook->do_action(Array)
#10 C:\xampp\htdocs\projeto\pradosdb04\wp-content\plugins\woocommerce\includes\class-wc-ajax.php(96): do_action('wc_ajax_checkou...')
#11 C:\xampp\htdocs\projeto\pradosdb04\wp-includes\class-wp-hook.php(324): WC_AJAX::do_wc_ajax('')
#12 C:\xampp\htdocs\projeto\pradosdb04\wp-includes\class-wp-hook.php(348): WP_Hook->apply_filters(false, Array)
#13 C:\xampp\htdocs\projeto\pradosdb04\wp-includes\plugin.php(517): WP_Hook->do_action(Array)
#14 C:\xampp\htdocs\projeto\pradosdb04\wp-includes\template-loader.php(13): do_action('template_redire...')
#15 C:\xampp\htdocs\projeto\pradosdb04\wp-blog-header.php(19): require_once('C:\\xampp\\htdocs...')
#16 C:\xampp\htdocs\projeto\pradosdb04\index.php(17): require('C:\\xampp\\htdocs...')
#17 {main} \n\n\n - Context: {
    "\u0000*\u0000id": 41,
    "\u0000*\u0000data": {
        "parent_id": 0,
        "status": "pending",
        "currency": "BRL",
        "version": "9.1.4",
        "prices_include_tax": false,
        "date_created": {
            "date": "2024-08-07 18:53:25.000000",
            "timezone_type": 3,
            "timezone": "America\/Sao_Paulo"
        },
        "date_modified": {
            "date": "2024-08-07 18:53:26.000000",
            "timezone_type": 3,
            "timezone": "America\/Sao_Paulo"
        },
        "discount_total": "0",
        "discount_tax": "0",
        "shipping_total": "0",
        "shipping_tax": "0",
        "cart_tax": "0",
        "total": "3.00",
        "total_tax": "0",
        "customer_id": 1,
        "order_key": "wc_order_azcOG3cxYHopX",
        "billing": {
            "first_name": "wermeson",
            "last_name": "soares",
            "company": "",
            "address_1": "Joana Albuquerque",
            "address_2": "",
            "city": "Acarape",
            "state": "CE",
            "postcode": "62785-000",
            "country": "BR",
            "email": "wermeson.blucomet@gmail.com",
            "phone": "(55) 98589-2221"
        },
        "shipping": {
            "first_name": "",
            "last_name": "",
            "company": "",
            "address_1": "",
            "address_2": "",
            "city": "",
            "state": "",
            "postcode": "",
            "country": "",
            "phone": ""
        },
        "payment_method": "woo-mercado-pago-pix",
        "payment_method_title": "Pix",
        "transaction_id": "",
        "customer_ip_address": "::1",
        "customer_user_agent": "Mozilla\/5.0 (Windows NT 10.0; Win64; x64) AppleWebKit\/537.36 (KHTML, like Gecko) Chrome\/127.0.0.0 Safari\/537.36",
        "created_via": "checkout",
        "customer_note": "",
        "date_completed": null,
        "date_paid": null,
        "cart_hash": "d23cb3b6107123c17160d03c51ebfb5b",
        "order_stock_reduced": false,
        "download_permissions_granted": false,
        "new_order_email_sent": false,
        "recorded_sales": false,
        "recorded_coupon_usage_counts": false
    },
    "\u0000*\u0000changes": [],
    "\u0000*\u0000object_read": true,
    "\u0000*\u0000object_type": "order",
    "\u0000*\u0000extra_data": [],
    "\u0000*\u0000default_data": {
        "parent_id": 0,
        "status": "",
        "currency": "",
        "version": "",
        "prices_include_tax": false,
        "date_created": null,
        "date_modified": null,
        "discount_total": 0,
        "discount_tax": 0,
        "shipping_total": 0,
        "shipping_tax": 0,
        "cart_tax": 0,
        "total": 0,
        "total_tax": 0,
        "customer_id": 0,
        "order_key": "",
        "billing": {
            "first_name": "",
            "last_name": "",
            "company": "",
            "address_1": "",
            "address_2": "",
            "city": "",
            "state": "",
            "postcode": "",
            "country": "",
            "email": "",
            "phone": ""
        },
        "shipping": {
            "first_name": "",
            "last_name": "",
            "company": "",
            "address_1": "",
            "address_2": "",
            "city": "",
            "state": "",
            "postcode": "",
            "country": "",
            "phone": ""
        },
        "payment_method": "",
        "payment_method_title": "",
        "transaction_id": "",
        "customer_ip_address": "",
        "customer_user_agent": "",
        "created_via": "",
        "customer_note": "",
        "date_completed": null,
        "date_paid": null,
        "cart_hash": "",
        "order_stock_reduced": false,
        "download_permissions_granted": false,
        "new_order_email_sent": false,
        "recorded_sales": false,
        "recorded_coupon_usage_counts": false
    },
    "\u0000*\u0000data_store": {},
    "\u0000*\u0000cache_group": "orders",
    "\u0000*\u0000meta_data": [
        {
            "id": 83,
            "key": "_billing_address_index",
            "value": "wermeson soares  Joana Albuquerque  Acarape CE 62785-000 BR wermeson.blucomet@gmail.com (55) 98589-2221 67 Conjunto s치o francisco"
        },
        {
            "id": 84,
            "key": "_shipping_address_index",
            "value": "           "
        },
        {
            "id": 79,
            "key": "_billing_cpf",
            "value": "068.149.843-93"
        },
        {
            "id": 81,
            "key": "_billing_neighborhood",
            "value": "Conjunto s치o francisco"
        },
        {
            "id": 80,
            "key": "_billing_number",
            "value": "67"
        },
        {
            "id": 93,
            "key": "_wc_order_attribution_device_type",
            "value": "Desktop"
        },
        {
            "id": 86,
            "key": "_wc_order_attribution_referrer",
            "value": "http:\/\/localhost\/projeto\/"
        },
        {
            "id": 91,
            "key": "_wc_order_attribution_session_count",
            "value": "3"
        },
        {
            "id": 88,
            "key": "_wc_order_attribution_session_entry",
            "value": "http:\/\/localhost\/projeto\/pradosdb\/"
        },
        {
            "id": 90,
            "key": "_wc_order_attribution_session_pages",
            "value": "23"
        },
        {
            "id": 89,
            "key": "_wc_order_attribution_session_start_time",
            "value": "2024-08-07 16:05:35"
        },
        {
            "id": 85,
            "key": "_wc_order_attribution_source_type",
            "value": "typein"
        },
        {
            "id": 92,
            "key": "_wc_order_attribution_user_agent",
            "value": "Mozilla\/5.0 (Windows NT 10.0; Win64; x64) AppleWebKit\/537.36 (KHTML, like Gecko) Chrome\/127.0.0.0 Safari\/537.36"
        },
        {
            "id": 87,
            "key": "_wc_order_attribution_utm_source",
            "value": "(direct)"
        },
        {
            "id": 82,
            "key": "is_vat_exempt",
            "value": "no"
        },
        {
            "key": "blocks_payment",
            "value": "no",
            "id": 96
        }
    ],
    "\u0000*\u0000legacy_datastore_props": [
        "_recorded_sales",
        "_recorded_coupon_usage_counts",
        "_download_permissions_granted",
        "_order_stock_reduced",
        "_new_order_email_sent"
    ],
    "\u0000*\u0000items": {
        "line_items": {
            "9": {
                "legacy_values": null,
                "legacy_cart_item_key": null,
                "legacy_package_key": null
            },
            "10": {
                "legacy_values": null,
                "legacy_cart_item_key": null,
                "legacy_package_key": null
            }
        },
        "tax_lines": [],
        "shipping_lines": [],
        "fee_lines": [],
        "coupon_lines": []
    },
    "\u0000*\u0000items_to_delete": [],
    "\u0000*\u0000data_store_name": "order",
    "\u0000*\u0000status_transition": false,
    "refunds": null,
    "\u0000*\u0000refunded_line_items": null,
    "customer_id": null
}
