2024-08-08T00:09:30+00:00 ERROR Message: JSON parse error: Instantiation of [simple type, class com.mercadolibre.mpheimdall_ag_transaction.domain.entity.payment.PaymentEntity] value failed for JSON property notification_url due to missing (therefore NULL) value for creator parameter notificationUrl which is a non-nullable type \n\n\nStackstrace: #0 C:\xampp\htdocs\projeto\pradosdb04\wp-content\plugins\woocommerce-mercadopago\packages\sdk\src\Common\AbstractEntity.php(222): MercadoPago\PP\Sdk\Common\Manager->handleResponse(Object(MercadoPago\PP\Sdk\HttpClient\Response), 'post')
#1 C:\xampp\htdocs\projeto\pradosdb04\wp-content\plugins\woocommerce-mercadopago\packages\sdk\src\Entity\Payment\Payment.php(363): MercadoPago\PP\Sdk\Common\AbstractEntity->save()
#2 C:\xampp\htdocs\projeto\pradosdb04\wp-content\plugins\woocommerce-mercadopago\src\Transactions\AbstractPaymentTransaction.php(37): MercadoPago\PP\Sdk\Entity\Payment\Payment->save()
#3 C:\xampp\htdocs\projeto\pradosdb04\wp-content\plugins\woocommerce-mercadopago\src\Gateways\TicketGateway.php(312): MercadoPago\Woocommerce\Transactions\AbstractPaymentTransaction->createPayment()
#4 C:\xampp\htdocs\projeto\pradosdb04\wp-content\plugins\woocommerce\includes\class-wc-checkout.php(1062): MercadoPago\Woocommerce\Gateways\TicketGateway->process_payment(44)
#5 C:\xampp\htdocs\projeto\pradosdb04\wp-content\plugins\woocommerce\includes\class-wc-checkout.php(1293): WC_Checkout->process_order_payment(44, 'woo-mercado-pag...')
#6 C:\xampp\htdocs\projeto\pradosdb04\wp-content\plugins\woocommerce\includes\class-wc-ajax.php(520): WC_Checkout->process_checkout()
#7 C:\xampp\htdocs\projeto\pradosdb04\wp-includes\class-wp-hook.php(324): WC_AJAX::checkout('')
#8 C:\xampp\htdocs\projeto\pradosdb04\wp-includes\class-wp-hook.php(348): WP_Hook->apply_filters('', Array)
#9 C:\xampp\htdocs\projeto\pradosdb04\wp-includes\plugin.php(517): WP_Hook->do_action(Array)
#10 C:\xampp\htdocs\projeto\pradosdb04\wp-content\plugins\woocommerce\includes\class-wc-ajax.php(96): do_action('wc_ajax_checkou...')
#11 C:\xampp\htdocs\projeto\pradosdb04\wp-includes\class-wp-hook.php(324): WC_AJAX::do_wc_ajax('')
#12 C:\xampp\htdocs\projeto\pradosdb04\wp-includes\class-wp-hook.php(348): WP_Hook->apply_filters(false, Array)
#13 C:\xampp\htdocs\projeto\pradosdb04\wp-includes\plugin.php(517): WP_Hook->do_action(Array)
#14 C:\xampp\htdocs\projeto\pradosdb04\wp-includes\template-loader.php(13): do_action('template_redire...')
#15 C:\xampp\htdocs\projeto\pradosdb04\wp-blog-header.php(19): require_once('C:\\xampp\\htdocs...')
#16 C:\xampp\htdocs\projeto\pradosdb04\index.php(17): require('C:\\xampp\\htdocs...')
#17 {main} \n\n\n - Context: {
    "\u0000*\u0000id": 44,
    "\u0000*\u0000data": {
        "parent_id": 0,
        "status": "pending",
        "currency": "BRL",
        "version": "9.1.4",
        "prices_include_tax": false,
        "date_created": {
            "date": "2024-08-07 21:09:29.000000",
            "timezone_type": 3,
            "timezone": "America\/Sao_Paulo"
        },
        "date_modified": {
            "date": "2024-08-07 21:09:29.000000",
            "timezone_type": 3,
            "timezone": "America\/Sao_Paulo"
        },
        "discount_total": "0",
        "discount_tax": "0",
        "shipping_total": "0",
        "shipping_tax": "0",
        "cart_tax": "0",
        "total": "1.00",
        "total_tax": "0",
        "customer_id": 1,
        "order_key": "wc_order_RxOnMcTyBKxw7",
        "billing": {
            "first_name": "wermeson",
            "last_name": "soares",
            "company": "",
            "address_1": "Joana Albuquerque",
            "address_2": "",
            "city": "Acarape",
            "state": "CE",
            "postcode": "62785-000",
            "country": "BR",
            "email": "wermeson.blucomet@gmail.com",
            "phone": "(55) 98589-2221"
        },
        "shipping": {
            "first_name": "",
            "last_name": "",
            "company": "",
            "address_1": "",
            "address_2": "",
            "city": "",
            "state": "",
            "postcode": "",
            "country": "",
            "phone": ""
        },
        "payment_method": "woo-mercado-pago-ticket",
        "payment_method_title": "Boleto e lotérica",
        "transaction_id": "",
        "customer_ip_address": "::1",
        "customer_user_agent": "Mozilla\/5.0 (Windows NT 10.0; Win64; x64) AppleWebKit\/537.36 (KHTML, like Gecko) Chrome\/127.0.0.0 Safari\/537.36",
        "created_via": "checkout",
        "customer_note": "",
        "date_completed": null,
        "date_paid": null,
        "cart_hash": "078a5b85c3bf93465774452246769d54",
        "order_stock_reduced": false,
        "download_permissions_granted": false,
        "new_order_email_sent": false,
        "recorded_sales": false,
        "recorded_coupon_usage_counts": false
    },
    "\u0000*\u0000changes": [],
    "\u0000*\u0000object_read": true,
    "\u0000*\u0000object_type": "order",
    "\u0000*\u0000extra_data": [],
    "\u0000*\u0000default_data": {
        "parent_id": 0,
        "status": "",
        "currency": "",
        "version": "",
        "prices_include_tax": false,
        "date_created": null,
        "date_modified": null,
        "discount_total": 0,
        "discount_tax": 0,
        "shipping_total": 0,
        "shipping_tax": 0,
        "cart_tax": 0,
        "total": 0,
        "total_tax": 0,
        "customer_id": 0,
        "order_key": "",
        "billing": {
            "first_name": "",
            "last_name": "",
            "company": "",
            "address_1": "",
            "address_2": "",
            "city": "",
            "state": "",
            "postcode": "",
            "country": "",
            "email": "",
            "phone": ""
        },
        "shipping": {
            "first_name": "",
            "last_name": "",
            "company": "",
            "address_1": "",
            "address_2": "",
            "city": "",
            "state": "",
            "postcode": "",
            "country": "",
            "phone": ""
        },
        "payment_method": "",
        "payment_method_title": "",
        "transaction_id": "",
        "customer_ip_address": "",
        "customer_user_agent": "",
        "created_via": "",
        "customer_note": "",
        "date_completed": null,
        "date_paid": null,
        "cart_hash": "",
        "order_stock_reduced": false,
        "download_permissions_granted": false,
        "new_order_email_sent": false,
        "recorded_sales": false,
        "recorded_coupon_usage_counts": false
    },
    "\u0000*\u0000data_store": {},
    "\u0000*\u0000cache_group": "orders",
    "\u0000*\u0000meta_data": [
        {
            "id": 120,
            "key": "_billing_address_index",
            "value": "wermeson soares  Joana Albuquerque  Acarape CE 62785-000 BR wermeson.blucomet@gmail.com (55) 98589-2221 67 Conjunto sáo francisco"
        },
        {
            "id": 121,
            "key": "_shipping_address_index",
            "value": "           "
        },
        {
            "id": 116,
            "key": "_billing_birthdate",
            "value": "09\/11\/1996"
        },
        {
            "id": 115,
            "key": "_billing_cpf",
            "value": "068.149.843-93"
        },
        {
            "id": 118,
            "key": "_billing_neighborhood",
            "value": "Conjunto sáo francisco"
        },
        {
            "id": 117,
            "key": "_billing_number",
            "value": "67"
        },
        {
            "id": 130,
            "key": "_wc_order_attribution_device_type",
            "value": "Desktop"
        },
        {
            "id": 123,
            "key": "_wc_order_attribution_referrer",
            "value": "http:\/\/localhost\/projeto\/"
        },
        {
            "id": 128,
            "key": "_wc_order_attribution_session_count",
            "value": "4"
        },
        {
            "id": 125,
            "key": "_wc_order_attribution_session_entry",
            "value": "http:\/\/localhost\/projeto\/pradosdb\/"
        },
        {
            "id": 127,
            "key": "_wc_order_attribution_session_pages",
            "value": "4"
        },
        {
            "id": 126,
            "key": "_wc_order_attribution_session_start_time",
            "value": "2024-08-07 16:05:35"
        },
        {
            "id": 122,
            "key": "_wc_order_attribution_source_type",
            "value": "typein"
        },
        {
            "id": 129,
            "key": "_wc_order_attribution_user_agent",
            "value": "Mozilla\/5.0 (Windows NT 10.0; Win64; x64) AppleWebKit\/537.36 (KHTML, like Gecko) Chrome\/127.0.0.0 Safari\/537.36"
        },
        {
            "id": 124,
            "key": "_wc_order_attribution_utm_source",
            "value": "(direct)"
        },
        {
            "id": 119,
            "key": "is_vat_exempt",
            "value": "no"
        },
        {
            "key": "blocks_payment",
            "value": "no",
            "id": 131
        }
    ],
    "\u0000*\u0000legacy_datastore_props": [
        "_recorded_sales",
        "_recorded_coupon_usage_counts",
        "_download_permissions_granted",
        "_order_stock_reduced",
        "_new_order_email_sent"
    ],
    "\u0000*\u0000items": {
        "line_items": {
            "16": {
                "legacy_values": null,
                "legacy_cart_item_key": null,
                "legacy_package_key": null
            }
        },
        "tax_lines": [],
        "shipping_lines": [],
        "fee_lines": [],
        "coupon_lines": []
    },
    "\u0000*\u0000items_to_delete": [],
    "\u0000*\u0000data_store_name": "order",
    "\u0000*\u0000status_transition": false,
    "refunds": null,
    "\u0000*\u0000refunded_line_items": null,
    "customer_id": null
}
2024-08-08T00:28:28+00:00 ERROR Message: JSON parse error: Instantiation of [simple type, class com.mercadolibre.mpheimdall_ag_transaction.domain.entity.payment.PaymentEntity] value failed for JSON property notification_url due to missing (therefore NULL) value for creator parameter notificationUrl which is a non-nullable type \n\n\nStackstrace: #0 C:\xampp\htdocs\projeto\pradosdb04\wp-content\plugins\woocommerce-mercadopago\packages\sdk\src\Common\AbstractEntity.php(222): MercadoPago\PP\Sdk\Common\Manager->handleResponse(Object(MercadoPago\PP\Sdk\HttpClient\Response), 'post')
#1 C:\xampp\htdocs\projeto\pradosdb04\wp-content\plugins\woocommerce-mercadopago\packages\sdk\src\Entity\Payment\Payment.php(363): MercadoPago\PP\Sdk\Common\AbstractEntity->save()
#2 C:\xampp\htdocs\projeto\pradosdb04\wp-content\plugins\woocommerce-mercadopago\src\Transactions\AbstractPaymentTransaction.php(37): MercadoPago\PP\Sdk\Entity\Payment\Payment->save()
#3 C:\xampp\htdocs\projeto\pradosdb04\wp-content\plugins\woocommerce-mercadopago\src\Gateways\TicketGateway.php(312): MercadoPago\Woocommerce\Transactions\AbstractPaymentTransaction->createPayment()
#4 C:\xampp\htdocs\projeto\pradosdb04\wp-content\plugins\woocommerce\src\StoreApi\Legacy.php(54): MercadoPago\Woocommerce\Gateways\TicketGateway->process_payment(79)
#5 C:\xampp\htdocs\projeto\pradosdb04\wp-includes\class-wp-hook.php(324): Automattic\WooCommerce\StoreApi\Legacy->process_legacy_payment(Object(Automattic\WooCommerce\StoreApi\Payments\PaymentContext), Object(Automattic\WooCommerce\StoreApi\Payments\PaymentResult))
#6 C:\xampp\htdocs\projeto\pradosdb04\wp-includes\class-wp-hook.php(348): WP_Hook->apply_filters('', Array)
#7 C:\xampp\htdocs\projeto\pradosdb04\wp-includes\plugin.php(565): WP_Hook->do_action(Array)
#8 C:\xampp\htdocs\projeto\pradosdb04\wp-content\plugins\woocommerce\src\StoreApi\Utilities\CheckoutTrait.php(83): do_action_ref_array('woocommerce_res...', Array)
#9 C:\xampp\htdocs\projeto\pradosdb04\wp-content\plugins\woocommerce\src\StoreApi\Routes\V1\Checkout.php(262): Automattic\WooCommerce\StoreApi\Routes\V1\Checkout->process_payment(Object(WP_REST_Request), Object(Automattic\WooCommerce\StoreApi\Payments\PaymentResult))
#10 C:\xampp\htdocs\projeto\pradosdb04\wp-content\plugins\woocommerce\src\StoreApi\Routes\V1\AbstractRoute.php(121): Automattic\WooCommerce\StoreApi\Routes\V1\Checkout->get_route_post_response(Object(WP_REST_Request))
#11 C:\xampp\htdocs\projeto\pradosdb04\wp-content\plugins\woocommerce\src\StoreApi\Routes\V1\Checkout.php(135): Automattic\WooCommerce\StoreApi\Routes\V1\AbstractRoute->get_response_by_request_method(Object(WP_REST_Request))
#12 C:\xampp\htdocs\projeto\pradosdb04\wp-includes\rest-api\class-wp-rest-server.php(1230): Automattic\WooCommerce\StoreApi\Routes\V1\Checkout->get_response(Object(WP_REST_Request))
#13 C:\xampp\htdocs\projeto\pradosdb04\wp-includes\rest-api\class-wp-rest-server.php(1063): WP_REST_Server->respond_to_request(Object(WP_REST_Request), '/wc/store/v1/ch...', Array, NULL)
#14 C:\xampp\htdocs\projeto\pradosdb04\wp-includes\rest-api\class-wp-rest-server.php(439): WP_REST_Server->dispatch(Object(WP_REST_Request))
#15 C:\xampp\htdocs\projeto\pradosdb04\wp-includes\rest-api.php(420): WP_REST_Server->serve_request('/wc/store/v1/ch...')
#16 C:\xampp\htdocs\projeto\pradosdb04\wp-includes\class-wp-hook.php(324): rest_api_loaded(Object(WP))
#17 C:\xampp\htdocs\projeto\pradosdb04\wp-includes\class-wp-hook.php(348): WP_Hook->apply_filters(NULL, Array)
#18 C:\xampp\htdocs\projeto\pradosdb04\wp-includes\plugin.php(565): WP_Hook->do_action(Array)
#19 C:\xampp\htdocs\projeto\pradosdb04\wp-includes\class-wp.php(418): do_action_ref_array('parse_request', Array)
#20 C:\xampp\htdocs\projeto\pradosdb04\wp-includes\class-wp.php(813): WP->parse_request('')
#21 C:\xampp\htdocs\projeto\pradosdb04\wp-includes\functions.php(1336): WP->main('')
#22 C:\xampp\htdocs\projeto\pradosdb04\wp-blog-header.php(16): wp()
#23 C:\xampp\htdocs\projeto\pradosdb04\index.php(17): require('C:\\xampp\\htdocs...')
#24 {main} \n\n\n - Context: {
    "\u0000*\u0000id": 79,
    "\u0000*\u0000data": {
        "parent_id": 0,
        "status": "pending",
        "currency": "BRL",
        "version": "9.1.4",
        "prices_include_tax": false,
        "date_created": {
            "date": "2024-08-07 21:22:20.000000",
            "timezone_type": 3,
            "timezone": "America\/Sao_Paulo"
        },
        "date_modified": {
            "date": "2024-08-07 21:28:27.000000",
            "timezone_type": 3,
            "timezone": "America\/Sao_Paulo"
        },
        "discount_total": "0",
        "discount_tax": "0",
        "shipping_total": "0",
        "shipping_tax": "0",
        "cart_tax": "0",
        "total": "115.00",
        "total_tax": "0",
        "customer_id": 1,
        "order_key": "wc_order_90D2qezPMf3sk",
        "billing": {
            "first_name": "wermson",
            "last_name": "soares",
            "company": "",
            "address_1": "Rua joana",
            "address_2": "",
            "city": "Acarape",
            "state": "CE",
            "postcode": "62785-000",
            "country": "BR",
            "email": "wermeson.bluecomet@gmail.com",
            "phone": "888888888"
        },
        "shipping": {
            "first_name": "wermson",
            "last_name": "soares",
            "company": "",
            "address_1": "Rua joana",
            "address_2": "",
            "city": "Acarape",
            "state": "CE",
            "postcode": "62785-000",
            "country": "BR",
            "phone": "888888888"
        },
        "payment_method": "woo-mercado-pago-ticket",
        "payment_method_title": "Boleto e lotérica",
        "transaction_id": "",
        "customer_ip_address": "::1",
        "customer_user_agent": "Mozilla\/5.0 (Windows NT 10.0; Win64; x64) AppleWebKit\/537.36 (KHTML, like Gecko) Chrome\/127.0.0.0 Safari\/537.36",
        "created_via": "store-api",
        "customer_note": "",
        "date_completed": null,
        "date_paid": null,
        "cart_hash": "48a7a2a7602cf501359bf21dba287a2f",
        "order_stock_reduced": false,
        "download_permissions_granted": false,
        "new_order_email_sent": false,
        "recorded_sales": false,
        "recorded_coupon_usage_counts": true
    },
    "\u0000*\u0000changes": [],
    "\u0000*\u0000object_read": true,
    "\u0000*\u0000object_type": "order",
    "\u0000*\u0000extra_data": [],
    "\u0000*\u0000default_data": {
        "parent_id": 0,
        "status": "",
        "currency": "",
        "version": "",
        "prices_include_tax": false,
        "date_created": null,
        "date_modified": null,
        "discount_total": 0,
        "discount_tax": 0,
        "shipping_total": 0,
        "shipping_tax": 0,
        "cart_tax": 0,
        "total": 0,
        "total_tax": 0,
        "customer_id": 0,
        "order_key": "",
        "billing": {
            "first_name": "",
            "last_name": "",
            "company": "",
            "address_1": "",
            "address_2": "",
            "city": "",
            "state": "",
            "postcode": "",
            "country": "",
            "email": "",
            "phone": ""
        },
        "shipping": {
            "first_name": "",
            "last_name": "",
            "company": "",
            "address_1": "",
            "address_2": "",
            "city": "",
            "state": "",
            "postcode": "",
            "country": "",
            "phone": ""
        },
        "payment_method": "",
        "payment_method_title": "",
        "transaction_id": "",
        "customer_ip_address": "",
        "customer_user_agent": "",
        "created_via": "",
        "customer_note": "",
        "date_completed": null,
        "date_paid": null,
        "cart_hash": "",
        "order_stock_reduced": false,
        "download_permissions_granted": false,
        "new_order_email_sent": false,
        "recorded_sales": false,
        "recorded_coupon_usage_counts": false
    },
    "\u0000*\u0000data_store": {},
    "\u0000*\u0000cache_group": "orders",
    "\u0000*\u0000meta_data": [
        {
            "id": 6,
            "key": "_billing_address_index",
            "value": "wermson soares  Rua joana  Acarape CE 62785-000 BR wermeson.bluecomet@gmail.com 888888888  "
        },
        {
            "id": 7,
            "key": "_shipping_address_index",
            "value": "wermson soares  Rua joana  Acarape CE 62785-000 BR 888888888  "
        },
        {
            "id": 1,
            "key": "_shipping_hash",
            "value": "9d4568c009d203ab10e33ea9953a0264"
        },
        {
            "id": 2,
            "key": "_coupons_hash",
            "value": "d751713988987e9331980363e24189ce"
        },
        {
            "id": 3,
            "key": "_fees_hash",
            "value": "d751713988987e9331980363e24189ce"
        },
        {
            "id": 4,
            "key": "_taxes_hash",
            "value": "d751713988987e9331980363e24189ce"
        },
        {
            "id": 5,
            "key": "is_vat_exempt",
            "value": "no"
        },
        {
            "id": 8,
            "key": "_wc_order_attribution_source_type",
            "value": "typein"
        },
        {
            "id": 9,
            "key": "_wc_order_attribution_referrer",
            "value": "http:\/\/localhost\/projeto\/"
        },
        {
            "id": 10,
            "key": "_wc_order_attribution_utm_source",
            "value": "(direct)"
        },
        {
            "id": 11,
            "key": "_wc_order_attribution_session_entry",
            "value": "http:\/\/localhost\/projeto\/pradosdb\/"
        },
        {
            "id": 12,
            "key": "_wc_order_attribution_session_start_time",
            "value": "2024-08-07 16:05:35"
        },
        {
            "id": 13,
            "key": "_wc_order_attribution_session_pages",
            "value": "11"
        },
        {
            "id": 14,
            "key": "_wc_order_attribution_session_count",
            "value": "4"
        },
        {
            "id": 15,
            "key": "_wc_order_attribution_user_agent",
            "value": "Mozilla\/5.0 (Windows NT 10.0; Win64; x64) AppleWebKit\/537.36 (KHTML, like Gecko) Chrome\/127.0.0.0 Safari\/537.36"
        },
        {
            "id": 16,
            "key": "_wc_order_attribution_device_type",
            "value": "Desktop"
        },
        {
            "id": 17,
            "key": "blocks_payment",
            "value": "yes"
        },
        {
            "id": 18,
            "key": "is_production_mode",
            "value": "yes"
        },
        {
            "id": 19,
            "key": "_used_gateway",
            "value": "woo-mercado-pago-custom"
        },
        {
            "id": 20,
            "key": "_wc_order_attribution_source_type",
            "value": "typein"
        },
        {
            "id": 21,
            "key": "_wc_order_attribution_referrer",
            "value": "http:\/\/localhost\/projeto\/"
        },
        {
            "id": 22,
            "key": "_wc_order_attribution_utm_source",
            "value": "(direct)"
        },
        {
            "id": 23,
            "key": "_wc_order_attribution_session_entry",
            "value": "http:\/\/localhost\/projeto\/pradosdb\/"
        },
        {
            "id": 24,
            "key": "_wc_order_attribution_session_start_time",
            "value": "2024-08-07 16:05:35"
        },
        {
            "id": 25,
            "key": "_wc_order_attribution_session_pages",
            "value": "14"
        },
        {
            "id": 26,
            "key": "_wc_order_attribution_session_count",
            "value": "4"
        },
        {
            "id": 27,
            "key": "_wc_order_attribution_user_agent",
            "value": "Mozilla\/5.0 (Windows NT 10.0; Win64; x64) AppleWebKit\/537.36 (KHTML, like Gecko) Chrome\/127.0.0.0 Safari\/537.36"
        },
        {
            "id": 28,
            "key": "_wc_order_attribution_device_type",
            "value": "Desktop"
        }
    ],
    "\u0000*\u0000legacy_datastore_props": [
        "_recorded_sales",
        "_recorded_coupon_usage_counts",
        "_download_permissions_granted",
        "_order_stock_reduced",
        "_new_order_email_sent"
    ],
    "\u0000*\u0000items": {
        "line_items": {
            "1": {
                "legacy_values": null,
                "legacy_cart_item_key": null,
                "legacy_package_key": null
            }
        },
        "tax_lines": [],
        "shipping_lines": [],
        "fee_lines": [],
        "coupon_lines": []
    },
    "\u0000*\u0000items_to_delete": [],
    "\u0000*\u0000data_store_name": "order",
    "\u0000*\u0000status_transition": false,
    "refunds": null,
    "\u0000*\u0000refunded_line_items": null,
    "customer_id": null
}
2024-08-08T00:29:11+00:00 ERROR Message: JSON parse error: Instantiation of [simple type, class com.mercadolibre.mpheimdall_ag_transaction.domain.entity.payment.PaymentEntity] value failed for JSON property notification_url due to missing (therefore NULL) value for creator parameter notificationUrl which is a non-nullable type \n\n\nStackstrace: #0 C:\xampp\htdocs\projeto\pradosdb04\wp-content\plugins\woocommerce-mercadopago\packages\sdk\src\Common\AbstractEntity.php(222): MercadoPago\PP\Sdk\Common\Manager->handleResponse(Object(MercadoPago\PP\Sdk\HttpClient\Response), 'post')
#1 C:\xampp\htdocs\projeto\pradosdb04\wp-content\plugins\woocommerce-mercadopago\packages\sdk\src\Entity\Payment\Payment.php(363): MercadoPago\PP\Sdk\Common\AbstractEntity->save()
#2 C:\xampp\htdocs\projeto\pradosdb04\wp-content\plugins\woocommerce-mercadopago\src\Transactions\AbstractPaymentTransaction.php(37): MercadoPago\PP\Sdk\Entity\Payment\Payment->save()
#3 C:\xampp\htdocs\projeto\pradosdb04\wp-content\plugins\woocommerce-mercadopago\src\Gateways\TicketGateway.php(312): MercadoPago\Woocommerce\Transactions\AbstractPaymentTransaction->createPayment()
#4 C:\xampp\htdocs\projeto\pradosdb04\wp-content\plugins\woocommerce\src\StoreApi\Legacy.php(54): MercadoPago\Woocommerce\Gateways\TicketGateway->process_payment(79)
#5 C:\xampp\htdocs\projeto\pradosdb04\wp-includes\class-wp-hook.php(324): Automattic\WooCommerce\StoreApi\Legacy->process_legacy_payment(Object(Automattic\WooCommerce\StoreApi\Payments\PaymentContext), Object(Automattic\WooCommerce\StoreApi\Payments\PaymentResult))
#6 C:\xampp\htdocs\projeto\pradosdb04\wp-includes\class-wp-hook.php(348): WP_Hook->apply_filters('', Array)
#7 C:\xampp\htdocs\projeto\pradosdb04\wp-includes\plugin.php(565): WP_Hook->do_action(Array)
#8 C:\xampp\htdocs\projeto\pradosdb04\wp-content\plugins\woocommerce\src\StoreApi\Utilities\CheckoutTrait.php(83): do_action_ref_array('woocommerce_res...', Array)
#9 C:\xampp\htdocs\projeto\pradosdb04\wp-content\plugins\woocommerce\src\StoreApi\Routes\V1\Checkout.php(262): Automattic\WooCommerce\StoreApi\Routes\V1\Checkout->process_payment(Object(WP_REST_Request), Object(Automattic\WooCommerce\StoreApi\Payments\PaymentResult))
#10 C:\xampp\htdocs\projeto\pradosdb04\wp-content\plugins\woocommerce\src\StoreApi\Routes\V1\AbstractRoute.php(121): Automattic\WooCommerce\StoreApi\Routes\V1\Checkout->get_route_post_response(Object(WP_REST_Request))
#11 C:\xampp\htdocs\projeto\pradosdb04\wp-content\plugins\woocommerce\src\StoreApi\Routes\V1\Checkout.php(135): Automattic\WooCommerce\StoreApi\Routes\V1\AbstractRoute->get_response_by_request_method(Object(WP_REST_Request))
#12 C:\xampp\htdocs\projeto\pradosdb04\wp-includes\rest-api\class-wp-rest-server.php(1230): Automattic\WooCommerce\StoreApi\Routes\V1\Checkout->get_response(Object(WP_REST_Request))
#13 C:\xampp\htdocs\projeto\pradosdb04\wp-includes\rest-api\class-wp-rest-server.php(1063): WP_REST_Server->respond_to_request(Object(WP_REST_Request), '/wc/store/v1/ch...', Array, NULL)
#14 C:\xampp\htdocs\projeto\pradosdb04\wp-includes\rest-api\class-wp-rest-server.php(439): WP_REST_Server->dispatch(Object(WP_REST_Request))
#15 C:\xampp\htdocs\projeto\pradosdb04\wp-includes\rest-api.php(420): WP_REST_Server->serve_request('/wc/store/v1/ch...')
#16 C:\xampp\htdocs\projeto\pradosdb04\wp-includes\class-wp-hook.php(324): rest_api_loaded(Object(WP))
#17 C:\xampp\htdocs\projeto\pradosdb04\wp-includes\class-wp-hook.php(348): WP_Hook->apply_filters(NULL, Array)
#18 C:\xampp\htdocs\projeto\pradosdb04\wp-includes\plugin.php(565): WP_Hook->do_action(Array)
#19 C:\xampp\htdocs\projeto\pradosdb04\wp-includes\class-wp.php(418): do_action_ref_array('parse_request', Array)
#20 C:\xampp\htdocs\projeto\pradosdb04\wp-includes\class-wp.php(813): WP->parse_request('')
#21 C:\xampp\htdocs\projeto\pradosdb04\wp-includes\functions.php(1336): WP->main('')
#22 C:\xampp\htdocs\projeto\pradosdb04\wp-blog-header.php(16): wp()
#23 C:\xampp\htdocs\projeto\pradosdb04\index.php(17): require('C:\\xampp\\htdocs...')
#24 {main} \n\n\n - Context: {
    "\u0000*\u0000id": 79,
    "\u0000*\u0000data": {
        "parent_id": 0,
        "status": "pending",
        "currency": "BRL",
        "version": "9.1.4",
        "prices_include_tax": false,
        "date_created": {
            "date": "2024-08-07 21:22:20.000000",
            "timezone_type": 3,
            "timezone": "America\/Sao_Paulo"
        },
        "date_modified": {
            "date": "2024-08-07 21:29:11.000000",
            "timezone_type": 3,
            "timezone": "America\/Sao_Paulo"
        },
        "discount_total": "0",
        "discount_tax": "0",
        "shipping_total": "0",
        "shipping_tax": "0",
        "cart_tax": "0",
        "total": "115.00",
        "total_tax": "0",
        "customer_id": 1,
        "order_key": "wc_order_90D2qezPMf3sk",
        "billing": {
            "first_name": "wermson",
            "last_name": "soares",
            "company": "",
            "address_1": "Rua joana",
            "address_2": "",
            "city": "Acarape",
            "state": "CE",
            "postcode": "62785-000",
            "country": "BR",
            "email": "wermeson.bluecomet@gmail.com",
            "phone": "888888888"
        },
        "shipping": {
            "first_name": "wermson",
            "last_name": "soares",
            "company": "",
            "address_1": "Rua joana",
            "address_2": "",
            "city": "Acarape",
            "state": "CE",
            "postcode": "62785-000",
            "country": "BR",
            "phone": "888888888"
        },
        "payment_method": "woo-mercado-pago-ticket",
        "payment_method_title": "Boleto e lotérica",
        "transaction_id": "",
        "customer_ip_address": "::1",
        "customer_user_agent": "Mozilla\/5.0 (Windows NT 10.0; Win64; x64) AppleWebKit\/537.36 (KHTML, like Gecko) Chrome\/127.0.0.0 Safari\/537.36",
        "created_via": "store-api",
        "customer_note": "",
        "date_completed": null,
        "date_paid": null,
        "cart_hash": "48a7a2a7602cf501359bf21dba287a2f",
        "order_stock_reduced": false,
        "download_permissions_granted": false,
        "new_order_email_sent": false,
        "recorded_sales": false,
        "recorded_coupon_usage_counts": true
    },
    "\u0000*\u0000changes": [],
    "\u0000*\u0000object_read": true,
    "\u0000*\u0000object_type": "order",
    "\u0000*\u0000extra_data": [],
    "\u0000*\u0000default_data": {
        "parent_id": 0,
        "status": "",
        "currency": "",
        "version": "",
        "prices_include_tax": false,
        "date_created": null,
        "date_modified": null,
        "discount_total": 0,
        "discount_tax": 0,
        "shipping_total": 0,
        "shipping_tax": 0,
        "cart_tax": 0,
        "total": 0,
        "total_tax": 0,
        "customer_id": 0,
        "order_key": "",
        "billing": {
            "first_name": "",
            "last_name": "",
            "company": "",
            "address_1": "",
            "address_2": "",
            "city": "",
            "state": "",
            "postcode": "",
            "country": "",
            "email": "",
            "phone": ""
        },
        "shipping": {
            "first_name": "",
            "last_name": "",
            "company": "",
            "address_1": "",
            "address_2": "",
            "city": "",
            "state": "",
            "postcode": "",
            "country": "",
            "phone": ""
        },
        "payment_method": "",
        "payment_method_title": "",
        "transaction_id": "",
        "customer_ip_address": "",
        "customer_user_agent": "",
        "created_via": "",
        "customer_note": "",
        "date_completed": null,
        "date_paid": null,
        "cart_hash": "",
        "order_stock_reduced": false,
        "download_permissions_granted": false,
        "new_order_email_sent": false,
        "recorded_sales": false,
        "recorded_coupon_usage_counts": false
    },
    "\u0000*\u0000data_store": {},
    "\u0000*\u0000cache_group": "orders",
    "\u0000*\u0000meta_data": [
        {
            "id": 6,
            "key": "_billing_address_index",
            "value": "wermson soares  Rua joana  Acarape CE 62785-000 BR wermeson.bluecomet@gmail.com 888888888  "
        },
        {
            "id": 7,
            "key": "_shipping_address_index",
            "value": "wermson soares  Rua joana  Acarape CE 62785-000 BR 888888888  "
        },
        {
            "id": 1,
            "key": "_shipping_hash",
            "value": "9d4568c009d203ab10e33ea9953a0264"
        },
        {
            "id": 2,
            "key": "_coupons_hash",
            "value": "d751713988987e9331980363e24189ce"
        },
        {
            "id": 3,
            "key": "_fees_hash",
            "value": "d751713988987e9331980363e24189ce"
        },
        {
            "id": 4,
            "key": "_taxes_hash",
            "value": "d751713988987e9331980363e24189ce"
        },
        {
            "id": 5,
            "key": "is_vat_exempt",
            "value": "no"
        },
        {
            "id": 8,
            "key": "_wc_order_attribution_source_type",
            "value": "typein"
        },
        {
            "id": 9,
            "key": "_wc_order_attribution_referrer",
            "value": "http:\/\/localhost\/projeto\/"
        },
        {
            "id": 10,
            "key": "_wc_order_attribution_utm_source",
            "value": "(direct)"
        },
        {
            "id": 11,
            "key": "_wc_order_attribution_session_entry",
            "value": "http:\/\/localhost\/projeto\/pradosdb\/"
        },
        {
            "id": 12,
            "key": "_wc_order_attribution_session_start_time",
            "value": "2024-08-07 16:05:35"
        },
        {
            "id": 13,
            "key": "_wc_order_attribution_session_pages",
            "value": "11"
        },
        {
            "id": 14,
            "key": "_wc_order_attribution_session_count",
            "value": "4"
        },
        {
            "id": 15,
            "key": "_wc_order_attribution_user_agent",
            "value": "Mozilla\/5.0 (Windows NT 10.0; Win64; x64) AppleWebKit\/537.36 (KHTML, like Gecko) Chrome\/127.0.0.0 Safari\/537.36"
        },
        {
            "id": 16,
            "key": "_wc_order_attribution_device_type",
            "value": "Desktop"
        },
        {
            "id": 17,
            "key": "blocks_payment",
            "value": "yes"
        },
        {
            "id": 18,
            "key": "is_production_mode",
            "value": "yes"
        },
        {
            "id": 19,
            "key": "_used_gateway",
            "value": "woo-mercado-pago-ticket"
        },
        {
            "id": 20,
            "key": "_wc_order_attribution_source_type",
            "value": "typein"
        },
        {
            "id": 21,
            "key": "_wc_order_attribution_referrer",
            "value": "http:\/\/localhost\/projeto\/"
        },
        {
            "id": 22,
            "key": "_wc_order_attribution_utm_source",
            "value": "(direct)"
        },
        {
            "id": 23,
            "key": "_wc_order_attribution_session_entry",
            "value": "http:\/\/localhost\/projeto\/pradosdb\/"
        },
        {
            "id": 24,
            "key": "_wc_order_attribution_session_start_time",
            "value": "2024-08-07 16:05:35"
        },
        {
            "id": 25,
            "key": "_wc_order_attribution_session_pages",
            "value": "14"
        },
        {
            "id": 26,
            "key": "_wc_order_attribution_session_count",
            "value": "4"
        },
        {
            "id": 27,
            "key": "_wc_order_attribution_user_agent",
            "value": "Mozilla\/5.0 (Windows NT 10.0; Win64; x64) AppleWebKit\/537.36 (KHTML, like Gecko) Chrome\/127.0.0.0 Safari\/537.36"
        },
        {
            "id": 28,
            "key": "_wc_order_attribution_device_type",
            "value": "Desktop"
        },
        {
            "id": 29,
            "key": "_wc_order_attribution_source_type",
            "value": "typein"
        },
        {
            "id": 30,
            "key": "_wc_order_attribution_referrer",
            "value": "http:\/\/localhost\/projeto\/"
        },
        {
            "id": 31,
            "key": "_wc_order_attribution_utm_source",
            "value": "(direct)"
        },
        {
            "id": 32,
            "key": "_wc_order_attribution_session_entry",
            "value": "http:\/\/localhost\/projeto\/pradosdb\/"
        },
        {
            "id": 33,
            "key": "_wc_order_attribution_session_start_time",
            "value": "2024-08-07 16:05:35"
        },
        {
            "id": 34,
            "key": "_wc_order_attribution_session_pages",
            "value": "15"
        },
        {
            "id": 35,
            "key": "_wc_order_attribution_session_count",
            "value": "4"
        },
        {
            "id": 36,
            "key": "_wc_order_attribution_user_agent",
            "value": "Mozilla\/5.0 (Windows NT 10.0; Win64; x64) AppleWebKit\/537.36 (KHTML, like Gecko) Chrome\/127.0.0.0 Safari\/537.36"
        },
        {
            "id": 37,
            "key": "_wc_order_attribution_device_type",
            "value": "Desktop"
        }
    ],
    "\u0000*\u0000legacy_datastore_props": [
        "_recorded_sales",
        "_recorded_coupon_usage_counts",
        "_download_permissions_granted",
        "_order_stock_reduced",
        "_new_order_email_sent"
    ],
    "\u0000*\u0000items": {
        "line_items": {
            "1": {
                "legacy_values": null,
                "legacy_cart_item_key": null,
                "legacy_package_key": null
            }
        },
        "tax_lines": [],
        "shipping_lines": [],
        "fee_lines": [],
        "coupon_lines": []
    },
    "\u0000*\u0000items_to_delete": [],
    "\u0000*\u0000data_store_name": "order",
    "\u0000*\u0000status_transition": false,
    "refunds": null,
    "\u0000*\u0000refunded_line_items": null,
    "customer_id": null
}
2024-08-08T00:32:09+00:00 ERROR Message: JSON parse error: Instantiation of [simple type, class com.mercadolibre.mpheimdall_ag_transaction.domain.entity.payment.PaymentEntity] value failed for JSON property notification_url due to missing (therefore NULL) value for creator parameter notificationUrl which is a non-nullable type \n\n\nStackstrace: #0 C:\xampp\htdocs\projeto\pradosdb04\wp-content\plugins\woocommerce-mercadopago\packages\sdk\src\Common\AbstractEntity.php(222): MercadoPago\PP\Sdk\Common\Manager->handleResponse(Object(MercadoPago\PP\Sdk\HttpClient\Response), 'post')
#1 C:\xampp\htdocs\projeto\pradosdb04\wp-content\plugins\woocommerce-mercadopago\packages\sdk\src\Entity\Payment\Payment.php(363): MercadoPago\PP\Sdk\Common\AbstractEntity->save()
#2 C:\xampp\htdocs\projeto\pradosdb04\wp-content\plugins\woocommerce-mercadopago\src\Transactions\AbstractPaymentTransaction.php(37): MercadoPago\PP\Sdk\Entity\Payment\Payment->save()
#3 C:\xampp\htdocs\projeto\pradosdb04\wp-content\plugins\woocommerce-mercadopago\src\Gateways\TicketGateway.php(312): MercadoPago\Woocommerce\Transactions\AbstractPaymentTransaction->createPayment()
#4 C:\xampp\htdocs\projeto\pradosdb04\wp-content\plugins\woocommerce\includes\class-wc-checkout.php(1062): MercadoPago\Woocommerce\Gateways\TicketGateway->process_payment(83)
#5 C:\xampp\htdocs\projeto\pradosdb04\wp-content\plugins\woocommerce\includes\class-wc-checkout.php(1293): WC_Checkout->process_order_payment(83, 'woo-mercado-pag...')
#6 C:\xampp\htdocs\projeto\pradosdb04\wp-content\plugins\woocommerce\includes\class-wc-ajax.php(520): WC_Checkout->process_checkout()
#7 C:\xampp\htdocs\projeto\pradosdb04\wp-includes\class-wp-hook.php(324): WC_AJAX::checkout('')
#8 C:\xampp\htdocs\projeto\pradosdb04\wp-includes\class-wp-hook.php(348): WP_Hook->apply_filters('', Array)
#9 C:\xampp\htdocs\projeto\pradosdb04\wp-includes\plugin.php(517): WP_Hook->do_action(Array)
#10 C:\xampp\htdocs\projeto\pradosdb04\wp-content\plugins\woocommerce\includes\class-wc-ajax.php(96): do_action('wc_ajax_checkou...')
#11 C:\xampp\htdocs\projeto\pradosdb04\wp-includes\class-wp-hook.php(324): WC_AJAX::do_wc_ajax('')
#12 C:\xampp\htdocs\projeto\pradosdb04\wp-includes\class-wp-hook.php(348): WP_Hook->apply_filters(false, Array)
#13 C:\xampp\htdocs\projeto\pradosdb04\wp-includes\plugin.php(517): WP_Hook->do_action(Array)
#14 C:\xampp\htdocs\projeto\pradosdb04\wp-includes\template-loader.php(13): do_action('template_redire...')
#15 C:\xampp\htdocs\projeto\pradosdb04\wp-blog-header.php(19): require_once('C:\\xampp\\htdocs...')
#16 C:\xampp\htdocs\projeto\pradosdb04\index.php(17): require('C:\\xampp\\htdocs...')
#17 {main} \n\n\n - Context: {
    "\u0000*\u0000id": 83,
    "\u0000*\u0000data": {
        "parent_id": 0,
        "status": "pending",
        "currency": "BRL",
        "version": "9.1.4",
        "prices_include_tax": false,
        "date_created": {
            "date": "2024-08-07 21:32:07.000000",
            "timezone_type": 3,
            "timezone": "America\/Sao_Paulo"
        },
        "date_modified": {
            "date": "2024-08-07 21:32:08.000000",
            "timezone_type": 3,
            "timezone": "America\/Sao_Paulo"
        },
        "discount_total": "0",
        "discount_tax": "0",
        "shipping_total": "0",
        "shipping_tax": "0",
        "cart_tax": "0",
        "total": "115.00",
        "total_tax": "0",
        "customer_id": 1,
        "order_key": "wc_order_yIc4t58mEjTTV",
        "billing": {
            "first_name": "wermson",
            "last_name": "soares",
            "company": "",
            "address_1": "Rua joana",
            "address_2": "",
            "city": "Acarape",
            "state": "CE",
            "postcode": "62785-000",
            "country": "BR",
            "email": "wermeson.bluecomet@gmail.com",
            "phone": "(88) 8888-888"
        },
        "shipping": {
            "first_name": "",
            "last_name": "",
            "company": "",
            "address_1": "",
            "address_2": "",
            "city": "",
            "state": "",
            "postcode": "",
            "country": "",
            "phone": ""
        },
        "payment_method": "woo-mercado-pago-ticket",
        "payment_method_title": "Boleto e lotérica",
        "transaction_id": "",
        "customer_ip_address": "::1",
        "customer_user_agent": "Mozilla\/5.0 (Windows NT 10.0; Win64; x64) AppleWebKit\/537.36 (KHTML, like Gecko) Chrome\/127.0.0.0 Safari\/537.36",
        "created_via": "checkout",
        "customer_note": "",
        "date_completed": null,
        "date_paid": null,
        "cart_hash": "48a7a2a7602cf501359bf21dba287a2f",
        "order_stock_reduced": false,
        "download_permissions_granted": false,
        "new_order_email_sent": false,
        "recorded_sales": false,
        "recorded_coupon_usage_counts": false
    },
    "\u0000*\u0000changes": [],
    "\u0000*\u0000object_read": true,
    "\u0000*\u0000object_type": "order",
    "\u0000*\u0000extra_data": [],
    "\u0000*\u0000default_data": {
        "parent_id": 0,
        "status": "",
        "currency": "",
        "version": "",
        "prices_include_tax": false,
        "date_created": null,
        "date_modified": null,
        "discount_total": 0,
        "discount_tax": 0,
        "shipping_total": 0,
        "shipping_tax": 0,
        "cart_tax": 0,
        "total": 0,
        "total_tax": 0,
        "customer_id": 0,
        "order_key": "",
        "billing": {
            "first_name": "",
            "last_name": "",
            "company": "",
            "address_1": "",
            "address_2": "",
            "city": "",
            "state": "",
            "postcode": "",
            "country": "",
            "email": "",
            "phone": ""
        },
        "shipping": {
            "first_name": "",
            "last_name": "",
            "company": "",
            "address_1": "",
            "address_2": "",
            "city": "",
            "state": "",
            "postcode": "",
            "country": "",
            "phone": ""
        },
        "payment_method": "",
        "payment_method_title": "",
        "transaction_id": "",
        "customer_ip_address": "",
        "customer_user_agent": "",
        "created_via": "",
        "customer_note": "",
        "date_completed": null,
        "date_paid": null,
        "cart_hash": "",
        "order_stock_reduced": false,
        "download_permissions_granted": false,
        "new_order_email_sent": false,
        "recorded_sales": false,
        "recorded_coupon_usage_counts": false
    },
    "\u0000*\u0000data_store": {},
    "\u0000*\u0000cache_group": "orders",
    "\u0000*\u0000meta_data": [
        {
            "id": 42,
            "key": "_billing_address_index",
            "value": "wermson soares  Rua joana  Acarape CE 62785-000 BR wermeson.bluecomet@gmail.com (88) 8888-888 61 conjunto são francisco"
        },
        {
            "id": 43,
            "key": "_shipping_address_index",
            "value": "           "
        },
        {
            "id": 38,
            "key": "_billing_cpf",
            "value": "068.149.843-93"
        },
        {
            "id": 40,
            "key": "_billing_neighborhood",
            "value": "conjunto são francisco"
        },
        {
            "id": 39,
            "key": "_billing_number",
            "value": "61"
        },
        {
            "id": 52,
            "key": "_wc_order_attribution_device_type",
            "value": "Desktop"
        },
        {
            "id": 45,
            "key": "_wc_order_attribution_referrer",
            "value": "http:\/\/localhost\/projeto\/"
        },
        {
            "id": 50,
            "key": "_wc_order_attribution_session_count",
            "value": "4"
        },
        {
            "id": 47,
            "key": "_wc_order_attribution_session_entry",
            "value": "http:\/\/localhost\/projeto\/pradosdb\/"
        },
        {
            "id": 49,
            "key": "_wc_order_attribution_session_pages",
            "value": "20"
        },
        {
            "id": 48,
            "key": "_wc_order_attribution_session_start_time",
            "value": "2024-08-07 16:05:35"
        },
        {
            "id": 44,
            "key": "_wc_order_attribution_source_type",
            "value": "typein"
        },
        {
            "id": 51,
            "key": "_wc_order_attribution_user_agent",
            "value": "Mozilla\/5.0 (Windows NT 10.0; Win64; x64) AppleWebKit\/537.36 (KHTML, like Gecko) Chrome\/127.0.0.0 Safari\/537.36"
        },
        {
            "id": 46,
            "key": "_wc_order_attribution_utm_source",
            "value": "(direct)"
        },
        {
            "id": 41,
            "key": "is_vat_exempt",
            "value": "no"
        },
        {
            "key": "blocks_payment",
            "value": "no",
            "id": 53
        }
    ],
    "\u0000*\u0000legacy_datastore_props": [
        "_recorded_sales",
        "_recorded_coupon_usage_counts",
        "_download_permissions_granted",
        "_order_stock_reduced",
        "_new_order_email_sent"
    ],
    "\u0000*\u0000items": {
        "line_items": {
            "10": {
                "legacy_values": null,
                "legacy_cart_item_key": null,
                "legacy_package_key": null
            }
        },
        "tax_lines": [],
        "shipping_lines": [],
        "fee_lines": [],
        "coupon_lines": []
    },
    "\u0000*\u0000items_to_delete": [],
    "\u0000*\u0000data_store_name": "order",
    "\u0000*\u0000status_transition": false,
    "refunds": null,
    "\u0000*\u0000refunded_line_items": null,
    "customer_id": null
}
2024-08-08T00:32:37+00:00 ERROR Message: JSON parse error: Instantiation of [simple type, class com.mercadolibre.mpheimdall_ag_transaction.domain.entity.payment.PaymentEntity] value failed for JSON property notification_url due to missing (therefore NULL) value for creator parameter notificationUrl which is a non-nullable type \n\n\nStackstrace: #0 C:\xampp\htdocs\projeto\pradosdb04\wp-content\plugins\woocommerce-mercadopago\packages\sdk\src\Common\AbstractEntity.php(222): MercadoPago\PP\Sdk\Common\Manager->handleResponse(Object(MercadoPago\PP\Sdk\HttpClient\Response), 'post')
#1 C:\xampp\htdocs\projeto\pradosdb04\wp-content\plugins\woocommerce-mercadopago\packages\sdk\src\Entity\Payment\Payment.php(363): MercadoPago\PP\Sdk\Common\AbstractEntity->save()
#2 C:\xampp\htdocs\projeto\pradosdb04\wp-content\plugins\woocommerce-mercadopago\src\Transactions\AbstractPaymentTransaction.php(37): MercadoPago\PP\Sdk\Entity\Payment\Payment->save()
#3 C:\xampp\htdocs\projeto\pradosdb04\wp-content\plugins\woocommerce-mercadopago\src\Gateways\TicketGateway.php(312): MercadoPago\Woocommerce\Transactions\AbstractPaymentTransaction->createPayment()
#4 C:\xampp\htdocs\projeto\pradosdb04\wp-content\plugins\woocommerce\includes\class-wc-checkout.php(1062): MercadoPago\Woocommerce\Gateways\TicketGateway->process_payment(83)
#5 C:\xampp\htdocs\projeto\pradosdb04\wp-content\plugins\woocommerce\includes\class-wc-checkout.php(1293): WC_Checkout->process_order_payment(83, 'woo-mercado-pag...')
#6 C:\xampp\htdocs\projeto\pradosdb04\wp-content\plugins\woocommerce\includes\class-wc-ajax.php(520): WC_Checkout->process_checkout()
#7 C:\xampp\htdocs\projeto\pradosdb04\wp-includes\class-wp-hook.php(324): WC_AJAX::checkout('')
#8 C:\xampp\htdocs\projeto\pradosdb04\wp-includes\class-wp-hook.php(348): WP_Hook->apply_filters('', Array)
#9 C:\xampp\htdocs\projeto\pradosdb04\wp-includes\plugin.php(517): WP_Hook->do_action(Array)
#10 C:\xampp\htdocs\projeto\pradosdb04\wp-content\plugins\woocommerce\includes\class-wc-ajax.php(96): do_action('wc_ajax_checkou...')
#11 C:\xampp\htdocs\projeto\pradosdb04\wp-includes\class-wp-hook.php(324): WC_AJAX::do_wc_ajax('')
#12 C:\xampp\htdocs\projeto\pradosdb04\wp-includes\class-wp-hook.php(348): WP_Hook->apply_filters(false, Array)
#13 C:\xampp\htdocs\projeto\pradosdb04\wp-includes\plugin.php(517): WP_Hook->do_action(Array)
#14 C:\xampp\htdocs\projeto\pradosdb04\wp-includes\template-loader.php(13): do_action('template_redire...')
#15 C:\xampp\htdocs\projeto\pradosdb04\wp-blog-header.php(19): require_once('C:\\xampp\\htdocs...')
#16 C:\xampp\htdocs\projeto\pradosdb04\index.php(17): require('C:\\xampp\\htdocs...')
#17 {main} \n\n\n - Context: {
    "\u0000*\u0000id": 83,
    "\u0000*\u0000data": {
        "parent_id": 0,
        "status": "pending",
        "currency": "BRL",
        "version": "9.1.4",
        "prices_include_tax": false,
        "date_created": {
            "date": "2024-08-07 21:32:07.000000",
            "timezone_type": 3,
            "timezone": "America\/Sao_Paulo"
        },
        "date_modified": {
            "date": "2024-08-07 21:32:36.000000",
            "timezone_type": 3,
            "timezone": "America\/Sao_Paulo"
        },
        "discount_total": "0",
        "discount_tax": "0",
        "shipping_total": "0",
        "shipping_tax": "0",
        "cart_tax": "0",
        "total": "115.00",
        "total_tax": "0",
        "customer_id": 1,
        "order_key": "wc_order_yIc4t58mEjTTV",
        "billing": {
            "first_name": "Wermeson",
            "last_name": "Soares",
            "company": "",
            "address_1": "Rua joana",
            "address_2": "",
            "city": "Acarape",
            "state": "CE",
            "postcode": "62785-000",
            "country": "BR",
            "email": "wermeson.bluecomet@gmail.com",
            "phone": "(88) 88888-8888"
        },
        "shipping": {
            "first_name": "",
            "last_name": "",
            "company": "",
            "address_1": "",
            "address_2": "",
            "city": "",
            "state": "",
            "postcode": "",
            "country": "",
            "phone": ""
        },
        "payment_method": "woo-mercado-pago-ticket",
        "payment_method_title": "Boleto e lotérica",
        "transaction_id": "",
        "customer_ip_address": "::1",
        "customer_user_agent": "Mozilla\/5.0 (Windows NT 10.0; Win64; x64) AppleWebKit\/537.36 (KHTML, like Gecko) Chrome\/127.0.0.0 Safari\/537.36",
        "created_via": "checkout",
        "customer_note": "",
        "date_completed": null,
        "date_paid": null,
        "cart_hash": "48a7a2a7602cf501359bf21dba287a2f",
        "order_stock_reduced": false,
        "download_permissions_granted": false,
        "new_order_email_sent": false,
        "recorded_sales": false,
        "recorded_coupon_usage_counts": false
    },
    "\u0000*\u0000changes": [],
    "\u0000*\u0000object_read": true,
    "\u0000*\u0000object_type": "order",
    "\u0000*\u0000extra_data": [],
    "\u0000*\u0000default_data": {
        "parent_id": 0,
        "status": "",
        "currency": "",
        "version": "",
        "prices_include_tax": false,
        "date_created": null,
        "date_modified": null,
        "discount_total": 0,
        "discount_tax": 0,
        "shipping_total": 0,
        "shipping_tax": 0,
        "cart_tax": 0,
        "total": 0,
        "total_tax": 0,
        "customer_id": 0,
        "order_key": "",
        "billing": {
            "first_name": "",
            "last_name": "",
            "company": "",
            "address_1": "",
            "address_2": "",
            "city": "",
            "state": "",
            "postcode": "",
            "country": "",
            "email": "",
            "phone": ""
        },
        "shipping": {
            "first_name": "",
            "last_name": "",
            "company": "",
            "address_1": "",
            "address_2": "",
            "city": "",
            "state": "",
            "postcode": "",
            "country": "",
            "phone": ""
        },
        "payment_method": "",
        "payment_method_title": "",
        "transaction_id": "",
        "customer_ip_address": "",
        "customer_user_agent": "",
        "created_via": "",
        "customer_note": "",
        "date_completed": null,
        "date_paid": null,
        "cart_hash": "",
        "order_stock_reduced": false,
        "download_permissions_granted": false,
        "new_order_email_sent": false,
        "recorded_sales": false,
        "recorded_coupon_usage_counts": false
    },
    "\u0000*\u0000data_store": {},
    "\u0000*\u0000cache_group": "orders",
    "\u0000*\u0000meta_data": [
        {
            "id": 42,
            "key": "_billing_address_index",
            "value": "Wermeson Soares  Rua joana  Acarape CE 62785-000 BR wermeson.bluecomet@gmail.com (88) 88888-8888 61 conjunto são francisco"
        },
        {
            "id": 43,
            "key": "_shipping_address_index",
            "value": "           "
        },
        {
            "id": 38,
            "key": "_billing_cpf",
            "value": "068.149.843-93"
        },
        {
            "id": 40,
            "key": "_billing_neighborhood",
            "value": "conjunto são francisco"
        },
        {
            "id": 39,
            "key": "_billing_number",
            "value": "61"
        },
        {
            "id": 55,
            "key": "_used_gateway",
            "value": "woo-mercado-pago-ticket"
        },
        {
            "id": 52,
            "key": "_wc_order_attribution_device_type",
            "value": "Desktop"
        },
        {
            "id": 65,
            "key": "_wc_order_attribution_device_type",
            "value": "Desktop"
        },
        {
            "id": 45,
            "key": "_wc_order_attribution_referrer",
            "value": "http:\/\/localhost\/projeto\/"
        },
        {
            "id": 58,
            "key": "_wc_order_attribution_referrer",
            "value": "http:\/\/localhost\/projeto\/"
        },
        {
            "id": 50,
            "key": "_wc_order_attribution_session_count",
            "value": "4"
        },
        {
            "id": 63,
            "key": "_wc_order_attribution_session_count",
            "value": "4"
        },
        {
            "id": 47,
            "key": "_wc_order_attribution_session_entry",
            "value": "http:\/\/localhost\/projeto\/pradosdb\/"
        },
        {
            "id": 60,
            "key": "_wc_order_attribution_session_entry",
            "value": "http:\/\/localhost\/projeto\/pradosdb\/"
        },
        {
            "id": 49,
            "key": "_wc_order_attribution_session_pages",
            "value": "20"
        },
        {
            "id": 62,
            "key": "_wc_order_attribution_session_pages",
            "value": "20"
        },
        {
            "id": 48,
            "key": "_wc_order_attribution_session_start_time",
            "value": "2024-08-07 16:05:35"
        },
        {
            "id": 61,
            "key": "_wc_order_attribution_session_start_time",
            "value": "2024-08-07 16:05:35"
        },
        {
            "id": 44,
            "key": "_wc_order_attribution_source_type",
            "value": "typein"
        },
        {
            "id": 57,
            "key": "_wc_order_attribution_source_type",
            "value": "typein"
        },
        {
            "id": 51,
            "key": "_wc_order_attribution_user_agent",
            "value": "Mozilla\/5.0 (Windows NT 10.0; Win64; x64) AppleWebKit\/537.36 (KHTML, like Gecko) Chrome\/127.0.0.0 Safari\/537.36"
        },
        {
            "id": 64,
            "key": "_wc_order_attribution_user_agent",
            "value": "Mozilla\/5.0 (Windows NT 10.0; Win64; x64) AppleWebKit\/537.36 (KHTML, like Gecko) Chrome\/127.0.0.0 Safari\/537.36"
        },
        {
            "id": 46,
            "key": "_wc_order_attribution_utm_source",
            "value": "(direct)"
        },
        {
            "id": 59,
            "key": "_wc_order_attribution_utm_source",
            "value": "(direct)"
        },
        {
            "id": 53,
            "key": "blocks_payment",
            "value": "no"
        },
        {
            "id": 54,
            "key": "is_production_mode",
            "value": "yes"
        },
        {
            "id": 56,
            "key": "is_vat_exempt",
            "value": "no"
        }
    ],
    "\u0000*\u0000legacy_datastore_props": [
        "_recorded_sales",
        "_recorded_coupon_usage_counts",
        "_download_permissions_granted",
        "_order_stock_reduced",
        "_new_order_email_sent"
    ],
    "\u0000*\u0000items": {
        "line_items": {
            "11": {
                "legacy_values": null,
                "legacy_cart_item_key": null,
                "legacy_package_key": null
            }
        },
        "tax_lines": [],
        "shipping_lines": [],
        "fee_lines": [],
        "coupon_lines": []
    },
    "\u0000*\u0000items_to_delete": [],
    "\u0000*\u0000data_store_name": "order",
    "\u0000*\u0000status_transition": false,
    "refunds": null,
    "\u0000*\u0000refunded_line_items": null,
    "customer_id": null
}
2024-08-08T00:33:31+00:00 ERROR Message: JSON parse error: Instantiation of [simple type, class com.mercadolibre.mpheimdall_ag_transaction.domain.entity.payment.PaymentEntity] value failed for JSON property notification_url due to missing (therefore NULL) value for creator parameter notificationUrl which is a non-nullable type \n\n\nStackstrace: #0 C:\xampp\htdocs\projeto\pradosdb04\wp-content\plugins\woocommerce-mercadopago\packages\sdk\src\Common\AbstractEntity.php(222): MercadoPago\PP\Sdk\Common\Manager->handleResponse(Object(MercadoPago\PP\Sdk\HttpClient\Response), 'post')
#1 C:\xampp\htdocs\projeto\pradosdb04\wp-content\plugins\woocommerce-mercadopago\packages\sdk\src\Entity\Payment\Payment.php(363): MercadoPago\PP\Sdk\Common\AbstractEntity->save()
#2 C:\xampp\htdocs\projeto\pradosdb04\wp-content\plugins\woocommerce-mercadopago\src\Transactions\AbstractPaymentTransaction.php(37): MercadoPago\PP\Sdk\Entity\Payment\Payment->save()
#3 C:\xampp\htdocs\projeto\pradosdb04\wp-content\plugins\woocommerce-mercadopago\src\Gateways\TicketGateway.php(312): MercadoPago\Woocommerce\Transactions\AbstractPaymentTransaction->createPayment()
#4 C:\xampp\htdocs\projeto\pradosdb04\wp-content\plugins\woocommerce\includes\class-wc-checkout.php(1062): MercadoPago\Woocommerce\Gateways\TicketGateway->process_payment(83)
#5 C:\xampp\htdocs\projeto\pradosdb04\wp-content\plugins\woocommerce\includes\class-wc-checkout.php(1293): WC_Checkout->process_order_payment(83, 'woo-mercado-pag...')
#6 C:\xampp\htdocs\projeto\pradosdb04\wp-content\plugins\woocommerce\includes\class-wc-ajax.php(520): WC_Checkout->process_checkout()
#7 C:\xampp\htdocs\projeto\pradosdb04\wp-includes\class-wp-hook.php(324): WC_AJAX::checkout('')
#8 C:\xampp\htdocs\projeto\pradosdb04\wp-includes\class-wp-hook.php(348): WP_Hook->apply_filters('', Array)
#9 C:\xampp\htdocs\projeto\pradosdb04\wp-includes\plugin.php(517): WP_Hook->do_action(Array)
#10 C:\xampp\htdocs\projeto\pradosdb04\wp-content\plugins\woocommerce\includes\class-wc-ajax.php(96): do_action('wc_ajax_checkou...')
#11 C:\xampp\htdocs\projeto\pradosdb04\wp-includes\class-wp-hook.php(324): WC_AJAX::do_wc_ajax('')
#12 C:\xampp\htdocs\projeto\pradosdb04\wp-includes\class-wp-hook.php(348): WP_Hook->apply_filters(false, Array)
#13 C:\xampp\htdocs\projeto\pradosdb04\wp-includes\plugin.php(517): WP_Hook->do_action(Array)
#14 C:\xampp\htdocs\projeto\pradosdb04\wp-includes\template-loader.php(13): do_action('template_redire...')
#15 C:\xampp\htdocs\projeto\pradosdb04\wp-blog-header.php(19): require_once('C:\\xampp\\htdocs...')
#16 C:\xampp\htdocs\projeto\pradosdb04\index.php(17): require('C:\\xampp\\htdocs...')
#17 {main} \n\n\n - Context: {
    "\u0000*\u0000id": 83,
    "\u0000*\u0000data": {
        "parent_id": 0,
        "status": "pending",
        "currency": "BRL",
        "version": "9.1.4",
        "prices_include_tax": false,
        "date_created": {
            "date": "2024-08-07 21:32:07.000000",
            "timezone_type": 3,
            "timezone": "America\/Sao_Paulo"
        },
        "date_modified": {
            "date": "2024-08-07 21:33:30.000000",
            "timezone_type": 3,
            "timezone": "America\/Sao_Paulo"
        },
        "discount_total": "0",
        "discount_tax": "0",
        "shipping_total": "0",
        "shipping_tax": "0",
        "cart_tax": "0",
        "total": "115.00",
        "total_tax": "0",
        "customer_id": 1,
        "order_key": "wc_order_yIc4t58mEjTTV",
        "billing": {
            "first_name": "Wermeson",
            "last_name": "Soares",
            "company": "",
            "address_1": "Rua joana",
            "address_2": "",
            "city": "Acarape",
            "state": "CE",
            "postcode": "62785-000",
            "country": "BR",
            "email": "wermeson.bluecomet@gmail.com",
            "phone": "(88) 88888-8888"
        },
        "shipping": {
            "first_name": "",
            "last_name": "",
            "company": "",
            "address_1": "",
            "address_2": "",
            "city": "",
            "state": "",
            "postcode": "",
            "country": "",
            "phone": ""
        },
        "payment_method": "woo-mercado-pago-ticket",
        "payment_method_title": "Boleto e lotérica",
        "transaction_id": "",
        "customer_ip_address": "::1",
        "customer_user_agent": "Mozilla\/5.0 (Windows NT 10.0; Win64; x64) AppleWebKit\/537.36 (KHTML, like Gecko) Chrome\/127.0.0.0 Safari\/537.36",
        "created_via": "checkout",
        "customer_note": "",
        "date_completed": null,
        "date_paid": null,
        "cart_hash": "48a7a2a7602cf501359bf21dba287a2f",
        "order_stock_reduced": false,
        "download_permissions_granted": false,
        "new_order_email_sent": false,
        "recorded_sales": false,
        "recorded_coupon_usage_counts": false
    },
    "\u0000*\u0000changes": [],
    "\u0000*\u0000object_read": true,
    "\u0000*\u0000object_type": "order",
    "\u0000*\u0000extra_data": [],
    "\u0000*\u0000default_data": {
        "parent_id": 0,
        "status": "",
        "currency": "",
        "version": "",
        "prices_include_tax": false,
        "date_created": null,
        "date_modified": null,
        "discount_total": 0,
        "discount_tax": 0,
        "shipping_total": 0,
        "shipping_tax": 0,
        "cart_tax": 0,
        "total": 0,
        "total_tax": 0,
        "customer_id": 0,
        "order_key": "",
        "billing": {
            "first_name": "",
            "last_name": "",
            "company": "",
            "address_1": "",
            "address_2": "",
            "city": "",
            "state": "",
            "postcode": "",
            "country": "",
            "email": "",
            "phone": ""
        },
        "shipping": {
            "first_name": "",
            "last_name": "",
            "company": "",
            "address_1": "",
            "address_2": "",
            "city": "",
            "state": "",
            "postcode": "",
            "country": "",
            "phone": ""
        },
        "payment_method": "",
        "payment_method_title": "",
        "transaction_id": "",
        "customer_ip_address": "",
        "customer_user_agent": "",
        "created_via": "",
        "customer_note": "",
        "date_completed": null,
        "date_paid": null,
        "cart_hash": "",
        "order_stock_reduced": false,
        "download_permissions_granted": false,
        "new_order_email_sent": false,
        "recorded_sales": false,
        "recorded_coupon_usage_counts": false
    },
    "\u0000*\u0000data_store": {},
    "\u0000*\u0000cache_group": "orders",
    "\u0000*\u0000meta_data": [
        {
            "id": 42,
            "key": "_billing_address_index",
            "value": "Wermeson Soares  Rua joana  Acarape CE 62785-000 BR wermeson.bluecomet@gmail.com (88) 88888-8888 61 conjunto são francisco"
        },
        {
            "id": 43,
            "key": "_shipping_address_index",
            "value": "           "
        },
        {
            "id": 38,
            "key": "_billing_cpf",
            "value": "068.149.843-93"
        },
        {
            "id": 40,
            "key": "_billing_neighborhood",
            "value": "conjunto são francisco"
        },
        {
            "id": 39,
            "key": "_billing_number",
            "value": "61"
        },
        {
            "id": 55,
            "key": "_used_gateway",
            "value": "woo-mercado-pago-ticket"
        },
        {
            "id": 52,
            "key": "_wc_order_attribution_device_type",
            "value": "Desktop"
        },
        {
            "id": 65,
            "key": "_wc_order_attribution_device_type",
            "value": "Desktop"
        },
        {
            "id": 75,
            "key": "_wc_order_attribution_device_type",
            "value": "Desktop"
        },
        {
            "id": 45,
            "key": "_wc_order_attribution_referrer",
            "value": "http:\/\/localhost\/projeto\/"
        },
        {
            "id": 58,
            "key": "_wc_order_attribution_referrer",
            "value": "http:\/\/localhost\/projeto\/"
        },
        {
            "id": 68,
            "key": "_wc_order_attribution_referrer",
            "value": "http:\/\/localhost\/projeto\/"
        },
        {
            "id": 50,
            "key": "_wc_order_attribution_session_count",
            "value": "4"
        },
        {
            "id": 63,
            "key": "_wc_order_attribution_session_count",
            "value": "4"
        },
        {
            "id": 73,
            "key": "_wc_order_attribution_session_count",
            "value": "4"
        },
        {
            "id": 47,
            "key": "_wc_order_attribution_session_entry",
            "value": "http:\/\/localhost\/projeto\/pradosdb\/"
        },
        {
            "id": 60,
            "key": "_wc_order_attribution_session_entry",
            "value": "http:\/\/localhost\/projeto\/pradosdb\/"
        },
        {
            "id": 70,
            "key": "_wc_order_attribution_session_entry",
            "value": "http:\/\/localhost\/projeto\/pradosdb\/"
        },
        {
            "id": 49,
            "key": "_wc_order_attribution_session_pages",
            "value": "20"
        },
        {
            "id": 62,
            "key": "_wc_order_attribution_session_pages",
            "value": "20"
        },
        {
            "id": 72,
            "key": "_wc_order_attribution_session_pages",
            "value": "21"
        },
        {
            "id": 48,
            "key": "_wc_order_attribution_session_start_time",
            "value": "2024-08-07 16:05:35"
        },
        {
            "id": 61,
            "key": "_wc_order_attribution_session_start_time",
            "value": "2024-08-07 16:05:35"
        },
        {
            "id": 71,
            "key": "_wc_order_attribution_session_start_time",
            "value": "2024-08-07 16:05:35"
        },
        {
            "id": 44,
            "key": "_wc_order_attribution_source_type",
            "value": "typein"
        },
        {
            "id": 57,
            "key": "_wc_order_attribution_source_type",
            "value": "typein"
        },
        {
            "id": 67,
            "key": "_wc_order_attribution_source_type",
            "value": "typein"
        },
        {
            "id": 51,
            "key": "_wc_order_attribution_user_agent",
            "value": "Mozilla\/5.0 (Windows NT 10.0; Win64; x64) AppleWebKit\/537.36 (KHTML, like Gecko) Chrome\/127.0.0.0 Safari\/537.36"
        },
        {
            "id": 64,
            "key": "_wc_order_attribution_user_agent",
            "value": "Mozilla\/5.0 (Windows NT 10.0; Win64; x64) AppleWebKit\/537.36 (KHTML, like Gecko) Chrome\/127.0.0.0 Safari\/537.36"
        },
        {
            "id": 74,
            "key": "_wc_order_attribution_user_agent",
            "value": "Mozilla\/5.0 (Windows NT 10.0; Win64; x64) AppleWebKit\/537.36 (KHTML, like Gecko) Chrome\/127.0.0.0 Safari\/537.36"
        },
        {
            "id": 46,
            "key": "_wc_order_attribution_utm_source",
            "value": "(direct)"
        },
        {
            "id": 59,
            "key": "_wc_order_attribution_utm_source",
            "value": "(direct)"
        },
        {
            "id": 69,
            "key": "_wc_order_attribution_utm_source",
            "value": "(direct)"
        },
        {
            "id": 53,
            "key": "blocks_payment",
            "value": "no"
        },
        {
            "id": 54,
            "key": "is_production_mode",
            "value": "yes"
        },
        {
            "id": 66,
            "key": "is_vat_exempt",
            "value": "no"
        }
    ],
    "\u0000*\u0000legacy_datastore_props": [
        "_recorded_sales",
        "_recorded_coupon_usage_counts",
        "_download_permissions_granted",
        "_order_stock_reduced",
        "_new_order_email_sent"
    ],
    "\u0000*\u0000items": {
        "line_items": {
            "12": {
                "legacy_values": null,
                "legacy_cart_item_key": null,
                "legacy_package_key": null
            }
        },
        "tax_lines": [],
        "shipping_lines": [],
        "fee_lines": [],
        "coupon_lines": []
    },
    "\u0000*\u0000items_to_delete": [],
    "\u0000*\u0000data_store_name": "order",
    "\u0000*\u0000status_transition": false,
    "refunds": null,
    "\u0000*\u0000refunded_line_items": null,
    "customer_id": null
}
